{"level":"info","message":"User undefined uploaded a title: umer , his., Auhor Name"}
{"level":"info","message":"User undefined uploaded a title: ume , his., Auhor Name"}
{"level":"info","message":"User undefined uploaded a title: ume , his., Auhor Name"}
{"level":"info","message":"User undefined uploaded a title: umewewd , hisdfdefewf., Auhor Name"}
2024-06-21T14:32:04.919Z - GET /titles/logs - User ID: Unknown
2024-06-21T14:32:56.231Z - GET /titles/logs - User ID: Unknown
2024-06-21T14:33:04.196Z - GET /titles/logs - User ID: Unknown
2024-06-21T14:33:05.350Z - GET /titles/logs - User ID: Unknown
2024-06-21T14:36:33.719Z - GET /titles/logs - User ID: Unknown
2024-06-21T14:36:34.903Z - GET /titles/logs - User ID: Unknown
2024-06-21T14:54:39.935Z - GET /titles/logs - User ID: Unknown
2024-06-21T14:54:41.115Z - GET /titles/logs - User ID: Unknown
2024-06-21T14:55:38.931Z - GET /titles/logs - User ID: Unknown
2024-06-21T14:55:39.975Z - GET /titles/logs - User ID: Unknown
2024-06-21T15:18:04.470Z - GET /titles/logs - User ID: Unknown
2024-06-21T15:18:05.550Z - GET /titles/logs - User ID: Unknown
2024-06-21T15:18:20.898Z - GET /titles/logs - User ID: Unknown
2024-06-21T19:16:13.569Z - POST /titles/register - User ID: Unknown
2024-06-21T19:16:29.659Z - POST /titles/login?username=testuser6&password=password123 - User ID: Unknown
2024-06-21T19:16:41.308Z - POST /titles/upload/title - User ID: undefined
2024-06-21T19:16:48.895Z - GET /titles/user/dashboard - User ID: undefined
2024-06-21T19:17:00.119Z - GET /titles/user/dashboard - User ID: undefined
2024-06-21T19:18:26.512Z - GET /titles/user/dashboard - User ID: undefined
2024-06-21T19:19:58.675Z - GET /titles/user/dashboard - User ID: Unknown
2024-06-21T19:20:13.428Z - GET /titles/logs - User ID: Unknown
2024-06-21T19:22:28.956Z - GET /titles/logs - User ID: Unknown
2024-06-21T19:26:24.004Z - GET /titles/logs - User ID: Unknown
2024-06-21T19:30:50.829Z - DELETE /titles/users/1 - User ID: Unknown
2024-06-21T19:34:45.707Z - POST /titles/login?username=testuser6&password=password123 - User ID: Unknown
2024-06-21T19:35:05.470Z - DELETE /titles/users/1 - User ID: undefined
2024-06-21T19:35:06.586Z - DELETE /titles/users/1 - User ID: undefined
2024-06-21T19:35:12.386Z - DELETE /titles/users/2 - User ID: undefined
2024-06-21T20:24:13.414Z - DELETE /titles/books/%7B3%7D/delete-fields - User ID: Unknown
2024-06-21T20:24:32.151Z - DELETE /titles/books/3/delete-fields - User ID: Unknown
2024-06-21T20:27:19.184Z - PATCH /titles/books/3/delete-fields - User ID: Unknown
2024-06-21T20:27:28.852Z - PATCH /titles/books/%7B3%7D/delete-fields - User ID: Unknown
2024-06-21T20:27:30.032Z - PATCH /titles/books/%7B3%7D/delete-fields - User ID: Unknown
2024-06-21T20:27:58.814Z - PATCH /titles/books/3/delete-fields - User ID: Unknown
2024-06-21T20:28:30.427Z - PATCH /titles/books/3/delete-fields - User ID: Unknown
2024-06-21T20:28:31.714Z - PATCH /titles/books/3/delete-fields - User ID: Unknown
2024-06-21T20:29:13.379Z - PATCH /titles/books/3/delete-fields?id=1 - User ID: Unknown
2024-06-21T20:29:17.273Z - PATCH /titles/books/3/delete-fields?id=3 - User ID: Unknown
2024-06-21T20:29:18.497Z - PATCH /titles/books/3/delete-fields?id=3 - User ID: Unknown
2024-06-21T20:32:09.922Z - PATCH /titles/books/3/delete-fields - User ID: Unknown
2024-06-21T20:32:24.044Z - PATCH /titles/books/3/delete-fields - User ID: Unknown
2024-06-21T20:32:58.696Z - PATCH /titles/books/3/delete-fields - User ID: Unknown
2024-06-21T20:34:31.764Z - PATCH /titles/books/3/delete-fields - User ID: Unknown
2024-06-21T20:41:27.473Z - PATCH /titles/books/5/delete-fields - User ID: Unknown
2024-06-21T20:45:33.758Z - PATCH /titles/books/5/delete-fields - User ID: Unknown
2024-06-21T20:46:13.032Z - PATCH /titles/books/5/delete-fields - User ID: Unknown
2024-06-21T20:48:49.778Z - PATCH /titles/books/5/delete-fields - User ID: Unknown
2024-06-21T20:51:03.494Z - PATCH /titles/books/5/delete-fields - User ID: Unknown
2024-06-21T20:51:50.855Z - PATCH /titles/books/5/delete-fields - User ID: Unknown
2024-06-21T20:51:52.035Z - PATCH /titles/books/5/delete-fields - User ID: Unknown
2024-06-21T20:52:03.413Z - PATCH /titles/books/5/delete-fields - User ID: Unknown
2024-06-23T07:31:39.678Z - PATCH /titles/books/5/delete-fields - User ID: Unknown
2024-06-23T07:31:43.124Z - PATCH /titles/books/5/delete-fields - User ID: Unknown
2024-06-23T07:31:51.634Z - PATCH /titles/books/5/delete-fields - User ID: Unknown
2024-06-23T07:32:20.418Z - POST /titles/login?username=testuser2&password=password123 - User ID: Unknown
2024-06-23T07:32:32.551Z - PATCH /titles/books/5/delete-fields - User ID: undefined
2024-06-23T07:32:45.746Z - PATCH /titles/books/5/delete-fields - User ID: undefined
2024-06-23T07:34:51.256Z - POST /titles/login?username=testuser4&password=password123 - User ID: Unknown
2024-06-23T07:34:55.988Z - PATCH /titles/books/5/delete-fields - User ID: undefined
2024-06-23T07:34:57.183Z - PATCH /titles/books/5/delete-fields - User ID: undefined
2024-06-23T07:35:20.689Z - PATCH /titles/books/7/delete-fields - User ID: undefined
2024-06-23T07:35:21.972Z - PATCH /titles/books/7/delete-fields - User ID: undefined
2024-06-23T07:36:00.876Z - PATCH /titles/books/7/delete-fields - User ID: undefined
2024-06-23T07:36:35.157Z - POST /titles/login?username=testuser2&password=password123 - User ID: undefined
2024-06-23T07:36:44.168Z - PATCH /titles/books/7/delete-fields - User ID: undefined
2024-06-23T07:40:57.649Z - POST /titles/login?username=testuser1&password=password123 - User ID: Unknown
2024-06-23T07:41:01.534Z - PATCH /titles/books/7/delete-fields - User ID: undefined
2024-06-23T07:41:18.174Z - PATCH /titles/books/7/delete-fields - User ID: undefined
2024-06-23T08:18:58.711Z - PATCH /titles/books/7/delete-fields - User ID: Unknown
2024-06-23T08:22:38.912Z - POST /titles/login?username=testuser1&password=password123 - User ID: Unknown
2024-06-23T08:23:00.554Z - POST /titles/login?username=testuser1&password=password123 - User ID: Unknown
2024-06-23T08:23:01.811Z - POST /titles/login?username=testuser1&password=password123 - User ID: Unknown
2024-06-23T08:25:28.641Z - POST /titles/register - User ID: Unknown
2024-06-23T08:25:42.749Z - POST /titles/login?username=testuser6&password=password123 - User ID: Unknown
2024-06-23T08:25:48.211Z - POST /titles/upload/title - User ID: undefined
2024-06-23T08:25:53.343Z - PATCH /titles/books/7/delete-fields - User ID: undefined
2024-06-23T08:26:08.806Z - PATCH /titles/books/7/delete-fields - User ID: undefined
2024-06-23T08:35:17.526Z - PATCH /titles/books/7/delete-fields - User ID: Unknown
2024-06-23T08:36:56.974Z - PATCH /titles/books/1/delete-fields - User ID: Unknown
2024-06-23T08:36:58.150Z - PATCH /titles/books/1/delete-fields - User ID: Unknown
2024-06-23T08:37:10.360Z - POST /titles/login?username=testuser6&password=password123 - User ID: Unknown
2024-06-23T08:37:16.450Z - POST /titles/upload/title - User ID: undefined
2024-06-23T08:37:27.723Z - POST /titles/upload/title - User ID: undefined
2024-06-23T08:37:32.786Z - POST /titles/login?username=testuser6&password=password123 - User ID: undefined
2024-06-23T08:37:34.076Z - POST /titles/login?username=testuser6&password=password123 - User ID: undefined
2024-06-23T08:37:45.917Z - POST /titles/upload/title - User ID: undefined
2024-06-23T08:37:50.623Z - POST /titles/upload/title - User ID: undefined
2024-06-23T08:38:23.837Z - PATCH /titles/books/5/delete-fields - User ID: undefined
2024-06-23T08:38:44.273Z - PATCH /titles/books/5/delete-fields - User ID: undefined
2024-06-23T08:40:14.260Z - GET /titles/user/dashboard - User ID: undefined
2024-06-23T08:40:24.842Z - DELETE /titles/users/5 - User ID: undefined
2024-06-23T08:44:17.562Z - DELETE /titles/users/5 - User ID: undefined
2024-06-23T08:45:21.568Z - DELETE /titles/users/5 - User ID: Unknown
2024-06-23T08:47:21.052Z - DELETE /titles/users/5 - User ID: Unknown
2024-06-23T08:47:22.259Z - DELETE /titles/users/5 - User ID: Unknown
2024-06-23T08:50:04.009Z - DELETE /titles/users/1 - User ID: Unknown
2024-06-23T08:50:05.701Z - DELETE /titles/users/1 - User ID: Unknown
2024-06-23T08:50:06.607Z - DELETE /titles/users/1 - User ID: Unknown
2024-06-23T08:50:12.668Z - POST /titles/login?username=testuser6&password=password123 - User ID: Unknown
2024-06-23T08:50:17.358Z - DELETE /titles/users/1 - User ID: undefined
2024-06-23T08:50:37.117Z - GET /titles/logs - User ID: Unknown
2024-06-23T08:50:46.270Z - POST /titles/login?username=testuser6&password=password123 - User ID: Unknown
2024-06-23T08:51:17.313Z - POST /titles/register - User ID: Unknown
2024-06-23T08:51:30.316Z - POST /titles/login?username=testuser6&password=password123 - User ID: Unknown
2024-06-23T09:13:16.731Z - POST /titles/login?username=testuser6&password=password123 - User ID: Unknown
2024-06-23T09:13:28.637Z - GET /titles/logs - User ID: undefined
2024-06-23T09:27:49.261Z - POST /titles/register - User ID: Unknown
2024-06-23T09:27:59.036Z - POST /titles/login?username=testuser6&password=password123 - User ID: Unknown
2024-06-23T09:32:19.328Z - POST /titles/login?username=testuser6&password=password123 - User ID: undefined
2024-06-23T09:32:29.783Z - POST /titles/upload/title - User ID: undefined
2024-06-23T09:34:31.236Z - POST /titles/login?username=testuser6&password=password123 - User ID: undefined
2024-06-23T09:34:41.436Z - POST /titles/upload/title - User ID: undefined
2024-06-23T09:37:28.249Z - POST /titles/login?username=testuser7&password=password123 - User ID: undefined
2024-06-23T09:37:34.434Z - POST /titles/upload/title - User ID: undefined
2024-06-23T09:37:45.134Z - POST /titles/login?username=testuser6&password=password123 - User ID: undefined
2024-06-23T09:37:52.276Z - POST /titles/upload/title - User ID: undefined
2024-06-23T09:38:00.324Z - GET /titles/user/dashboard - User ID: undefined
2024-06-23T09:38:06.627Z - GET /titles/logs - User ID: undefined
2024-06-23T09:38:21.575Z - DELETE /titles/users/3 - User ID: undefined
2024-06-23T09:38:55.898Z - PATCH /titles/books/8/delete-field - User ID: undefined
2024-06-23T09:38:57.744Z - PATCH /titles/books/8/delete-field - User ID: undefined
2024-06-23T09:39:06.230Z - PATCH /titles/books/8/delete-field - User ID: undefined
2024-06-23T09:39:09.920Z - PATCH /titles/books/8/delete-fields - User ID: undefined
